root - INFO - DataFrames are written to Excel File Owner-A1 successfully.
root - INFO - DataFrames are written to Excel File Owner-A2 successfully.
root - INFO - DataFrames are written to Excel File Owner-A3 successfully.
root - INFO - DataFrames are written to Excel File Owner-A4 successfully.
root - INFO - DataFrames are written to Excel File Owner-A5 successfully.
root - INFO - DataFrames are written to Excel File Owner-B1 successfully.
root - INFO - DataFrames are written to Excel File Owner-B2 successfully.
root - INFO - DataFrames are written to Excel File Owner-B3 successfully.
root - INFO - DataFrames are written to Excel File Owner-C1 successfully.
root - INFO - DataFrames are written to Excel File Owner-C2 successfully.
root - INFO - DataFrames are written to Excel File Owner-C3 successfully.
root - INFO - DataFrames are written to Excel File Owner-C4 successfully.
root - INFO - DataFrames are written to Excel File Owner-C5 successfully.
root - INFO - DataFrames are written to Excel File Owner-C6 successfully.
root - INFO - DataFrames are written to Excel File Owner-D1 successfully.
root - INFO - DataFrames are written to Excel File Owner-D2 successfully.
root - INFO - DataFrames are written to Excel File Owner-D3 successfully.
root - INFO - DataFrames are written to Excel File Owner-D4 successfully.
root - INFO - DataFrames are written to Excel File Owner-D5 successfully.
root - INFO - DataFrames are written to Excel File Owner-D6 successfully.
root - INFO - DataFrames are written to Excel File Owner-D7 successfully.
root - INFO - DataFrames are written to Excel File Owner-E1 successfully.
root - INFO - DataFrames are written to Excel File Owner-E2 successfully.
root - INFO - DataFrames are written to Excel File Owner-E3 successfully.
root - INFO - DataFrames are written to Excel File Owner-E4 successfully.
root - INFO - DataFrames are written to Excel File Owner-E5 successfully.
root - INFO - DataFrames are written to Excel File Owner-E6 successfully.
root - INFO - DataFrames are written to Excel File Owner-E7 successfully.
root - INFO - DataFrames are written to Excel File Owner-F1 successfully.
root - INFO - DataFrames are written to Excel File Owner-F2 successfully.
root - INFO - DataFrames are written to Excel File Owner-F3 successfully.
root - INFO - DataFrames are written to Excel File Owner-F4 successfully.
root - INFO - DataFrames are written to Excel File Owner-F5 successfully.
root - INFO - DataFrames are written to Excel File Owner-F6 successfully.
root - INFO - All files created successfully
